Determining if the pthread_create exist failed with the following output:
Change Dir: /home/sombat/source/c++/websocket_server/CMakeFiles/CMakeTmp

Run Build Command:/usr/bin/make "cmTryCompileExec1290123475/fast"
/usr/bin/make -f CMakeFiles/cmTryCompileExec1290123475.dir/build.make CMakeFiles/cmTryCompileExec1290123475.dir/build
make[1]: Entering directory `/home/sombat/source/c++/websocket_server/CMakeFiles/CMakeTmp'
/usr/bin/cmake -E cmake_progress_report /home/sombat/source/c++/websocket_server/CMakeFiles/CMakeTmp/CMakeFiles 1
Building C object CMakeFiles/cmTryCompileExec1290123475.dir/CheckSymbolExists.c.o
/usr/bin/cc    -o CMakeFiles/cmTryCompileExec1290123475.dir/CheckSymbolExists.c.o   -c /home/sombat/source/c++/websocket_server/CMakeFiles/CMakeTmp/CheckSymbolExists.c
Linking C executable cmTryCompileExec1290123475
/usr/bin/cmake -E cmake_link_script CMakeFiles/cmTryCompileExec1290123475.dir/link.txt --verbose=1
/usr/bin/cc       CMakeFiles/cmTryCompileExec1290123475.dir/CheckSymbolExists.c.o  -o cmTryCompileExec1290123475 -rdynamic 
CMakeFiles/cmTryCompileExec1290123475.dir/CheckSymbolExists.c.o: In function `main':
CheckSymbolExists.c:(.text+0x16): undefined reference to `pthread_create'
collect2: error: ld returned 1 exit status
make[1]: *** [cmTryCompileExec1290123475] Error 1
make[1]: Leaving directory `/home/sombat/source/c++/websocket_server/CMakeFiles/CMakeTmp'
make: *** [cmTryCompileExec1290123475/fast] Error 2

File /home/sombat/source/c++/websocket_server/CMakeFiles/CMakeTmp/CheckSymbolExists.c:
/* */
#include <pthread.h>

int main(int argc, char** argv)
{
  (void)argv;
#ifndef pthread_create
  return ((int*)(&pthread_create))[argc];
#else
  (void)argc;
  return 0;
#endif
}

Determining if the function pthread_create exists in the pthreads failed with the following output:
Change Dir: /home/sombat/source/c++/websocket_server/CMakeFiles/CMakeTmp

Run Build Command:/usr/bin/make "cmTryCompileExec675781609/fast"
/usr/bin/make -f CMakeFiles/cmTryCompileExec675781609.dir/build.make CMakeFiles/cmTryCompileExec675781609.dir/build
make[1]: Entering directory `/home/sombat/source/c++/websocket_server/CMakeFiles/CMakeTmp'
/usr/bin/cmake -E cmake_progress_report /home/sombat/source/c++/websocket_server/CMakeFiles/CMakeTmp/CMakeFiles 1
Building C object CMakeFiles/cmTryCompileExec675781609.dir/CheckFunctionExists.c.o
/usr/bin/cc   -DCHECK_FUNCTION_EXISTS=pthread_create   -o CMakeFiles/cmTryCompileExec675781609.dir/CheckFunctionExists.c.o   -c /usr/share/cmake-2.8/Modules/CheckFunctionExists.c
Linking C executable cmTryCompileExec675781609
/usr/bin/cmake -E cmake_link_script CMakeFiles/cmTryCompileExec675781609.dir/link.txt --verbose=1
/usr/bin/cc   -DCHECK_FUNCTION_EXISTS=pthread_create    CMakeFiles/cmTryCompileExec675781609.dir/CheckFunctionExists.c.o  -o cmTryCompileExec675781609 -rdynamic -lpthreads 
/usr/bin/ld: cannot find -lpthreads
collect2: error: ld returned 1 exit status
make[1]: *** [cmTryCompileExec675781609] Error 1
make[1]: Leaving directory `/home/sombat/source/c++/websocket_server/CMakeFiles/CMakeTmp'
make: *** [cmTryCompileExec675781609/fast] Error 2


